\BOOKMARK [0][-]{section*.1}{\376\377\000D\000e\000c\000l\000a\000r\000a\000t\000i\000o\000n\000\040\000o\000f\000\040\000A\000u\000t\000h\000o\000r\000s\000h\000i\000p}{}% 1
\BOOKMARK [0][-]{section*.2}{\376\377\000A\000b\000s\000t\000r\000a\000c\000t}{}% 2
\BOOKMARK [0][-]{section*.3}{\376\377\000A\000c\000k\000n\000o\000w\000l\000e\000d\000g\000e\000m\000e\000n\000t\000s}{}% 3
\BOOKMARK [0][-]{chapter.7}{\376\377\000I\000n\000t\000r\000o\000d\000u\000c\000t\000i\000o\000n\000\040\000t\000o\000\040\000t\000h\000e\000\040\000T\000h\000e\000s\000i\000s\000\040\000T\000o\000p\000i\000c}{}% 4
\BOOKMARK [1][-]{section.8}{\376\377\000M\000o\000t\000i\000v\000a\000t\000i\000o\000n\000\040\000a\000n\000d\000\040\000B\000a\000c\000k\000g\000r\000o\000u\000n\000d}{chapter.7}% 5
\BOOKMARK [2][-]{subsection.9}{\376\377\000l\000a\000y\000o\000u\000t}{section.8}% 6
\BOOKMARK [2][-]{subsection.10}{\376\377\000R\000e\000f\000e\000r\000e\000n\000c\000e\000s}{section.8}% 7
\BOOKMARK [3][-]{section*.12}{\376\377\000A\000\040\000N\000o\000t\000e\000\040\000o\000n\000\040\000b\000i\000b\000t\000e\000x}{subsection.10}% 8
\BOOKMARK [2][-]{subsection.13}{\376\377\000T\000a\000b\000l\000e\000s}{section.8}% 9
\BOOKMARK [2][-]{subsection.15}{\376\377\000F\000i\000g\000u\000r\000e\000s}{section.8}% 10
\BOOKMARK [1][-]{section.18}{\376\377\000I\000n\000\040\000C\000l\000o\000s\000i\000n\000g}{chapter.7}% 11
\BOOKMARK [0][-]{chapter.19}{\376\377\000B\000a\000c\000k\000g\000r\000o\000u\000n\000d\000\040\000I\000n\000f\000o\000r\000m\000a\000t\000i\000o\000n\000\040\000a\000n\000d\000\040\000T\000h\000e\000o\000r\000y}{}% 12
\BOOKMARK [1][-]{section.20}{\376\377\000L\000i\000t\000e\000r\000a\000t\000u\000r\000e\000\040\000R\000e\000v\000i\000e\000w}{chapter.19}% 13
\BOOKMARK [1][-]{section.21}{\376\377\000D\000T\000M\000\040\000m\000o\000d\000e\000l}{chapter.19}% 14
\BOOKMARK [2][-]{subsection.22}{\376\377\000I\000s\000s\000u\000e\000s}{section.21}% 15
\BOOKMARK [1][-]{section.23}{\376\377\000D\000I\000M\000\040\000m\000o\000d\000e\000l}{chapter.19}% 16
\BOOKMARK [0][-]{chapter.24}{\376\377\000E\000x\000p\000e\000r\000i\000m\000e\000n\000t\000a\000l\000\040\000S\000e\000t\000\040\000U\000p}{}% 17
\BOOKMARK [1][-]{section.25}{\376\377\000D\000a\000t\000a\000\040\000P\000r\000e\000p\000\040\000a\000n\000d\000\040\000C\000o\000n\000s\000i\000d\000e\000r\000a\000t\000i\000o\000n\000s}{chapter.24}% 18
\BOOKMARK [0][-]{chapter.26}{\376\377\000D\000T\000M\000\040\000R\000e\000s\000u\000l\000t\000s\000\040\000a\000n\000d\000\040\000I\000n\000s\000i\000g\000h\000t\000s}{}% 19
\BOOKMARK [1][-]{section.27}{\376\377\000T\000o\000p\000i\000c\000s\000\040\000T\000h\000r\000o\000u\000g\000h\000\040\000T\000i\000m\000e}{chapter.26}% 20
\BOOKMARK [2][-]{subsection.28}{\376\377\000v\000a\000l\000i\000d\000a\000t\000i\000n\000g\000\040\000t\000o\000p\000i\000c\000\040\000h\000i\000s\000t\000o\000r\000i\000e\000s\000\040\000i\000n\000\040\000t\000e\000c\000h\000n\000o\000l\000o\000g\000y}{section.27}% 21
\BOOKMARK [0][-]{chapter.29}{\376\377\000D\000I\000M\000\040\000R\000e\000s\000u\000l\000t\000s\000\040\000a\000n\000d\000\040\000I\000n\000s\000i\000g\000h\000t\000s}{}% 22
\BOOKMARK [1][-]{section.30}{\376\377\000I\000n\000f\000l\000u\000e\000n\000c\000e\000\040\000M\000e\000t\000r\000i\000c}{chapter.29}% 23
\BOOKMARK [2][-]{subsection.31}{\376\377\000v\000a\000l\000i\000d\000a\000t\000i\000n\000g\000\040\000i\000n\000f\000l\000u\000e\000n\000t\000i\000a\000l\000\040\000p\000a\000t\000e\000n\000t\000s}{section.30}% 24
\BOOKMARK [2][-]{subsection.32}{\376\377\000c\000o\000r\000r\000e\000l\000a\000t\000i\000o\000n\000\040\000w\000i\000t\000h\000\040\000f\000o\000r\000w\000a\000r\000d\000\040\000c\000i\000t\000a\000t\000i\000o\000n\000s}{section.30}% 25
\BOOKMARK [2][-]{subsection.33}{\376\377\000c\000o\000r\000r\000e\000l\000a\000t\000i\000o\000n\000\040\000w\000i\000t\000h\000\040\000p\000a\000g\000e\000-\000r\000a\000n\000k}{section.30}% 26
\BOOKMARK [0][-]{chapter.34}{\376\377\000P\000e\000r\000f\000o\000r\000m\000a\000n\000c\000e\000\040\000E\000v\000a\000l\000u\000a\000t\000i\000o\000n}{}% 27
\BOOKMARK [1][-]{subsection.35}{\376\377\000w\000h\000a\000t\000\040\000w\000e\000'\000r\000e\000\040\000n\000o\000t\000\040\000d\000o\000i\000n\000g}{chapter.34}% 28
\BOOKMARK [1][-]{section.36}{\376\377\000C\000l\000a\000s\000s\000i\000f\000i\000c\000a\000t\000i\000o\000n}{chapter.34}% 29
\BOOKMARK [1][-]{section.37}{\376\377\000C\000l\000u\000s\000t\000e\000r\000i\000n\000g}{chapter.34}% 30
\BOOKMARK [0][-]{chapter.38}{\376\377\000U\000s\000e\000f\000u\000l\000n\000e\000s\000s\000\040\000i\000n\000\040\000O\000t\000h\000e\000r\000\040\000M\000o\000d\000e\000l\000s}{}% 31
\BOOKMARK [1][-]{section.39}{\376\377\000E\000c\000o\000n\000o\000m\000i\000c\000\040\000M\000o\000d\000e\000l}{chapter.38}% 32
\BOOKMARK [0][-]{chapter.40}{\376\377\000C\000o\000n\000c\000l\000u\000s\000i\000o\000n\000s\000\040\000a\000n\000d\000\040\000F\000u\000t\000u\000r\000e\000\040\000W\000o\000r\000k}{}% 33
\BOOKMARK [1][-]{section.41}{\376\377\000C\000o\000n\000c\000l\000u\000s\000i\000o\000n\000s}{chapter.40}% 34
\BOOKMARK [1][-]{section.42}{\376\377\000F\000u\000t\000u\000r\000e\000\040\000W\000o\000r\000k}{chapter.40}% 35
\BOOKMARK [0][-]{appendix.43}{\376\377\000A\000p\000p\000e\000n\000d\000i\000x\000\040\000T\000i\000t\000l\000e\000\040\000H\000e\000r\000e}{}% 36
\BOOKMARK [0][-]{appendix*.44}{\376\377\000B\000i\000b\000l\000i\000o\000g\000r\000a\000p\000h\000y}{}% 37
